INFO: [VRFC 10-2263] Analyzing Verilog file "D:/Computer_Orgnization_lab/BigWork/lab4_final/lab4_away.gen/sources_1/ip/lpm_ram_dq_dram/sim/lpm_ram_dq_dram.v" into library xil_defaultlib
INFO: [VRFC 10-311] analyzing module lpm_ram_dq_dram
INFO: [VRFC 10-2263] Analyzing Verilog file "D:/Computer_Orgnization_lab/BigWork/lab4_final/lab4_away.gen/sources_1/ip/lpm_rom_irom/sim/lpm_rom_irom.v" into library xil_defaultlib
INFO: [VRFC 10-311] analyzing module lpm_rom_irom
INFO: [VRFC 10-2263] Analyzing Verilog file "D:/Computer_Orgnization_lab/BigWork/lab4_final/lab4_away.srcs/sources_1/imports/imports/Grade_Second_Second-term/lab1/lab1/alu.v" into library xil_defaultlib
INFO: [VRFC 10-311] analyzing module alu
INFO: [VRFC 10-2263] Analyzing Verilog file "D:/Computer_Orgnization_lab/BigWork/lab4_final/lab4_away.srcs/sources_1/imports/Grade_Second_Second-term/lab3/lab3/zip_lab3 sc_computer/zip_lab3 sc_computer/src/cla32.v" into library xil_defaultlib
INFO: [VRFC 10-311] analyzing module cla32
INFO: [VRFC 10-2263] Analyzing Verilog file "D:/Computer_Orgnization_lab/BigWork/lab4_final/lab4_away.srcs/sources_1/imports/src/clock_and_mem_clock.v" into library xil_defaultlib
INFO: [VRFC 10-311] analyzing module clock_and_mem_clock
INFO: [VRFC 10-2263] Analyzing Verilog file "D:/Computer_Orgnization_lab/BigWork/lab4_final/lab4_away.srcs/sources_1/imports/Grade_Second_Second-term/lab2/lab2/dff32.v" into library xil_defaultlib
INFO: [VRFC 10-311] analyzing module dff32
INFO: [VRFC 10-2263] Analyzing Verilog file "D:/Computer_Orgnization_lab/BigWork/lab4_final/lab4_away.srcs/sources_1/imports/src/display.v" into library xil_defaultlib
INFO: [VRFC 10-311] analyzing module display
INFO: [VRFC 10-2263] Analyzing Verilog file "D:/Computer_Orgnization_lab/BigWork/lab4_final/lab4_away.srcs/sources_1/imports/new/immext.v" into library xil_defaultlib
INFO: [VRFC 10-311] analyzing module immext
INFO: [VRFC 10-2263] Analyzing Verilog file "D:/Computer_Orgnization_lab/BigWork/lab4_final/lab4_away.srcs/sources_1/imports/src/in_port.v" into library xil_defaultlib
INFO: [VRFC 10-311] analyzing module in_port
INFO: [VRFC 10-2263] Analyzing Verilog file "D:/Computer_Orgnization_lab/BigWork/lab4_final/lab4_away.srcs/sources_1/imports/src/io_input.v" into library xil_defaultlib
INFO: [VRFC 10-311] analyzing module io_input
INFO: [VRFC 10-311] analyzing module io_input_mux
INFO: [VRFC 10-2263] Analyzing Verilog file "D:/Computer_Orgnization_lab/BigWork/lab4_final/lab4_away.srcs/sources_1/imports/src/io_output.v" into library xil_defaultlib
INFO: [VRFC 10-311] analyzing module io_output
INFO: [VRFC 10-2263] Analyzing Verilog file "D:/Computer_Orgnization_lab/BigWork/lab4_final/lab4_away.srcs/sources_1/imports/Grade_Second_Second-term/lab3/lab3/zip_lab3 sc_computer/zip_lab3 sc_computer/src/mux2x32.v" into library xil_defaultlib
INFO: [VRFC 10-311] analyzing module mux2x32
INFO: [VRFC 10-2263] Analyzing Verilog file "D:/Computer_Orgnization_lab/BigWork/lab4_final/lab4_away.srcs/sources_1/imports/Grade_Second_Second-term/lab3/lab3/zip_lab3 sc_computer/zip_lab3 sc_computer/src/mux4x32.v" into library xil_defaultlib
INFO: [VRFC 10-311] analyzing module mux4x32
INFO: [VRFC 10-2263] Analyzing Verilog file "D:/Computer_Orgnization_lab/BigWork/lab4_final/lab4_away.srcs/sources_1/imports/src/out_port_hex2dec.v" into library xil_defaultlib
INFO: [VRFC 10-311] analyzing module out_port_hex2dec
INFO: [VRFC 10-2263] Analyzing Verilog file "D:/Computer_Orgnization_lab/BigWork/lab4_final/lab4_away.srcs/sources_1/imports/Grade_Second_Second-term/lab3/lab3/zip_lab3 sc_computer/zip_lab3 sc_computer/src/regfile.v" into library xil_defaultlib
INFO: [VRFC 10-311] analyzing module regfile
INFO: [VRFC 10-2263] Analyzing Verilog file "D:/Computer_Orgnization_lab/BigWork/lab4_final/lab4_away.srcs/sources_1/imports/src/sc_computer_main.v" into library xil_defaultlib
INFO: [VRFC 10-311] analyzing module sc_computer_main
INFO: [VRFC 10-2263] Analyzing Verilog file "D:/Computer_Orgnization_lab/BigWork/lab4_final/lab4_away.srcs/sources_1/imports/src/sc_cpu.v" into library xil_defaultlib
INFO: [VRFC 10-311] analyzing module sc_cpu
INFO: [VRFC 10-2263] Analyzing Verilog file "D:/Computer_Orgnization_lab/BigWork/lab4_final/lab4_away.srcs/sources_1/imports/src/sc_cpu_iotest.v" into library xil_defaultlib
INFO: [VRFC 10-311] analyzing module sc_cpu_iotest
INFO: [VRFC 10-2263] Analyzing Verilog file "D:/Computer_Orgnization_lab/BigWork/lab4_final/lab4_away.srcs/sources_1/imports/imports/new/sc_cu.v" into library xil_defaultlib
INFO: [VRFC 10-311] analyzing module sc_cu
INFO: [VRFC 10-2263] Analyzing Verilog file "D:/Computer_Orgnization_lab/BigWork/lab4_final/lab4_away.srcs/sources_1/imports/src/sc_datamem.v" into library xil_defaultlib
INFO: [VRFC 10-311] analyzing module sc_datamem
INFO: [VRFC 10-2263] Analyzing Verilog file "D:/Computer_Orgnization_lab/BigWork/lab4_final/lab4_away.srcs/sources_1/imports/src/sc_instmem.v" into library xil_defaultlib
INFO: [VRFC 10-311] analyzing module sc_instmem
INFO: [VRFC 10-2263] Analyzing Verilog file "D:/Computer_Orgnization_lab/BigWork/lab4_final/lab4_away.srcs/sources_1/imports/src/seg7.v" into library xil_defaultlib
INFO: [VRFC 10-311] analyzing module seg7
INFO: [VRFC 10-2263] Analyzing Verilog file "D:/Computer_Orgnization_lab/BigWork/lab4_final/lab4_away.srcs/sources_1/new/sys_clock_counter.v" into library xil_defaultlib
INFO: [VRFC 10-311] analyzing module sys_clk_counter
INFO: [VRFC 10-2263] Analyzing Verilog file "D:/Computer_Orgnization_lab/lab4/zip_lab4 sc_computer_io/sim/TB_sc_computer_iotest.v" into library xil_defaultlib
INFO: [VRFC 10-311] analyzing module TB_sc_computer_iotest
INFO: [VRFC 10-2458] undeclared symbol sys_rst_n, assumed default net type wire [D:/Computer_Orgnization_lab/lab4/zip_lab4 sc_computer_io/sim/TB_sc_computer_iotest.v:31]
INFO: [VRFC 10-2458] undeclared symbol sys_clk_in, assumed default net type wire [D:/Computer_Orgnization_lab/lab4/zip_lab4 sc_computer_io/sim/TB_sc_computer_iotest.v:32]
INFO: [VRFC 10-2458] undeclared symbol sw_pin, assumed default net type wire [D:/Computer_Orgnization_lab/lab4/zip_lab4 sc_computer_io/sim/TB_sc_computer_iotest.v:33]
INFO: [VRFC 10-2458] undeclared symbol dip_pin, assumed default net type wire [D:/Computer_Orgnization_lab/lab4/zip_lab4 sc_computer_io/sim/TB_sc_computer_iotest.v:34]
WARNING: [VRFC 10-2938] 'sys_clk_in' is already implicitly declared on line 32 [D:/Computer_Orgnization_lab/lab4/zip_lab4 sc_computer_io/sim/TB_sc_computer_iotest.v:42]
WARNING: [VRFC 10-2938] 'sys_rst_n' is already implicitly declared on line 31 [D:/Computer_Orgnization_lab/lab4/zip_lab4 sc_computer_io/sim/TB_sc_computer_iotest.v:44]
WARNING: [VRFC 10-2938] 'sw_pin' is already implicitly declared on line 33 [D:/Computer_Orgnization_lab/lab4/zip_lab4 sc_computer_io/sim/TB_sc_computer_iotest.v:45]
