#-----------------------------------------------------------
# Vivado v2020.2 (64-bit)
# SW Build 3064766 on Wed Nov 18 09:12:45 MST 2020
# IP Build 3064653 on Wed Nov 18 14:17:31 MST 2020
# Start of session at: Thu May 18 08:57:05 2023
# Process ID: 4116
# Current directory: F:/ice2603lab/lab4_new
# Command line: vivado.exe -gui_launcher_event rodinguilauncherevent6596 F:\ice2603lab\lab4_new\lab4_new.xpr
# Log file: F:/ice2603lab/lab4_new/vivado.log
# Journal file: F:/ice2603lab/lab4_new\vivado.jou
#-----------------------------------------------------------
start_gui
open_project F:/ice2603lab/lab4_new/lab4_new.xpr
CRITICAL WARNING: [Project 1-19] Could not find the file 'F:/ice2603lab/lab4/zip_lab4 sc_computer_io/sim/TB_sc_computer_iotest.v'.
Scanning sources...
Finished scanning sources
INFO: [IP_Flow 19-234] Refreshing IP repositories
INFO: [IP_Flow 19-1704] No user IP repositories specified
INFO: [IP_Flow 19-2313] Loaded Vivado IP repository 'E:/Xilinx/Vivado/2020.2/data/ip'.
update_compile_order -fileset sources_1
open_hw_manager
connect_hw_server -allow_non_jtag
INFO: [Labtools 27-2285] Connecting to hw_server url TCP:localhost:3121
INFO: [Labtools 27-2222] Launching hw_server...
INFO: [Labtools 27-2221] Launch Output:

****** Xilinx hw_server v2020.2
  **** Build date : Nov 18 2020 at 10:01:48
    ** Copyright 1986-2020 Xilinx, Inc. All Rights Reserved.


INFO: [Labtools 27-3415] Connecting to cs_server url TCP:localhost:3042
INFO: [Labtools 27-3417] Launching cs_server...
INFO: [Labtools 27-2221] Launch Output:


******** Xilinx cs_server v2020.2
  ****** Build date   : Nov 04 2020-05:02:56
    **** Build number : 2020.2.1604437376
      ** Copyright 2017-2020 Xilinx, Inc. All Rights Reserved.



connect_hw_server: Time (s): cpu = 00:00:00 ; elapsed = 00:00:07 . Memory (MB): peak = 1196.141 ; gain = 0.000
open_hw_target
INFO: [Labtoolstcl 44-466] Opening hw_target localhost:3121/xilinx_tcf/Xilinx/1234-tulA
set_property PROGRAM.FILE {F:/ice2603lab/lab4_new/lab4_new.runs/impl_1/sc_cpu_iotest.bit} [get_hw_devices xc7a50t_0]
current_hw_device [get_hw_devices xc7a50t_0]
refresh_hw_device -update_hw_probes false [lindex [get_hw_devices xc7a50t_0] 0]
INFO: [Labtools 27-1434] Device xc7a50t (JTAG device index = 0) is programmed with a design that has no supported debug core(s) in it.
set_property PROBES.FILE {} [get_hw_devices xc7a50t_0]
set_property FULL_PROBES.FILE {} [get_hw_devices xc7a50t_0]
set_property PROGRAM.FILE {F:/ice2603lab/lab4_new/lab4_new.runs/impl_1/sc_cpu_iotest.bit} [get_hw_devices xc7a50t_0]
program_hw_devices [get_hw_devices xc7a50t_0]
INFO: [Labtools 27-3164] End of startup status: HIGH
refresh_hw_device [lindex [get_hw_devices xc7a50t_0] 0]
INFO: [Labtools 27-1434] Device xc7a50t (JTAG device index = 0) is programmed with a design that has no supported debug core(s) in it.
ERROR: [Labtoolstcl 44-513] HW Target shutdown. Closing target: localhost:3121/xilinx_tcf/Xilinx/1234-tulA
close_hw_manager
reset_target all [get_files  F:/ice2603lab/lab4_new/lab4_new.srcs/sources_1/ip/lpm_rom_irom/lpm_rom_irom.xci]
export_ip_user_files -of_objects  [get_files  F:/ice2603lab/lab4_new/lab4_new.srcs/sources_1/ip/lpm_rom_irom/lpm_rom_irom.xci] -sync -no_script -force -quiet
delete_ip_run [get_files -of_objects [get_fileset lpm_rom_irom] F:/ice2603lab/lab4_new/lab4_new.srcs/sources_1/ip/lpm_rom_irom/lpm_rom_irom.xci]
WARNING: [Vivado 12-1017] Problems encountered:
1. Failed to delete one or more files in run directory F:/ice2603lab/lab4_new/lab4_new.runs/lpm_rom_irom_synth_1

INFO: [Project 1-386] Moving file 'F:/ice2603lab/lab4_new/lab4_new.srcs/sources_1/ip/lpm_rom_irom/lpm_rom_irom.xci' from fileset 'lpm_rom_irom' to fileset 'sources_1'.
update_compile_order -fileset sources_1
WARNING: [IP_Flow 19-4067] Ignoring invalid widget type specified checkbox.Providing a default widget
WARNING: [IP_Flow 19-4067] Ignoring invalid widget type specified checkbox.Providing a default widget
WARNING: [IP_Flow 19-4067] Ignoring invalid widget type specified checkbox.Providing a default widget
WARNING: [IP_Flow 19-4067] Ignoring invalid widget type specified checkbox.Providing a default widget
reset_run synth_1
launch_runs synth_1 -jobs 8
WARNING: [HDL 9-3756] overwriting previous definition of module 'alu' [F:/ice2603lab/lab4_new/lab4_new.srcs/sources_1/imports/imports/Grade_Second_Second-term/lab1/lab1/alu.v:1]
WARNING: [HDL 9-3756] overwriting previous definition of module 'sc_computer_main' [F:/ice2603lab/lab4_new/lab4_new.srcs/sources_1/imports/src/sc_computer_main.v:7]
WARNING: [HDL 9-3756] overwriting previous definition of module 'sc_cpu' [F:/ice2603lab/lab4_new/lab4_new.srcs/sources_1/imports/src/sc_cpu.v:1]
WARNING: [filemgmt 20-1318] Duplicate Design Unit 'alu()' found in library 'xil_defaultlib'
Duplicate found at line 1 of file F:/ice2603lab/lab4_new/lab4_new.srcs/sources_1/imports/Grade_Second_Second-term/lab1/lab1/alu.v
	(Active) Duplicate found at line 1 of file F:/ice2603lab/lab4_new/lab4_new.srcs/sources_1/imports/imports/Grade_Second_Second-term/lab1/lab1/alu.v
WARNING: [filemgmt 20-1318] Duplicate Design Unit 'sc_computer_main()' found in library 'xil_defaultlib'
Duplicate found at line 7 of file F:/ice2603lab/lab4_new/lab4_new.srcs/sources_1/imports/imports/Grade_Second_Second-term/lab3/lab3/zip_lab3 sc_computer/zip_lab3 sc_computer/src/sc_computer.v
	(Active) Duplicate found at line 7 of file F:/ice2603lab/lab4_new/lab4_new.srcs/sources_1/imports/src/sc_computer_main.v
WARNING: [filemgmt 20-1318] Duplicate Design Unit 'sc_cpu()' found in library 'xil_defaultlib'
Duplicate found at line 1 of file F:/ice2603lab/lab4_new/lab4_new.srcs/sources_1/imports/imports/Grade_Second_Second-term/lab3/lab3/zip_lab3 sc_computer/zip_lab3 sc_computer/src/sc_cpu.v
	(Active) Duplicate found at line 1 of file F:/ice2603lab/lab4_new/lab4_new.srcs/sources_1/imports/src/sc_cpu.v
INFO: [IP_Flow 19-1686] Generating 'Synthesis' target for IP 'lpm_rom_irom'...
[Thu May 18 09:12:48 2023] Launched lpm_rom_irom_synth_1...
Run output will be captured here: F:/ice2603lab/lab4_new/lab4_new.runs/lpm_rom_irom_synth_1/runme.log
[Thu May 18 09:12:48 2023] Launched synth_1...
Run output will be captured here: F:/ice2603lab/lab4_new/lab4_new.runs/synth_1/runme.log
launch_runs impl_1 -jobs 8
[Thu May 18 09:15:44 2023] Launched impl_1...
Run output will be captured here: F:/ice2603lab/lab4_new/lab4_new.runs/impl_1/runme.log
launch_runs impl_1 -to_step write_bitstream -jobs 8
[Thu May 18 09:17:04 2023] Launched impl_1...
Run output will be captured here: F:/ice2603lab/lab4_new/lab4_new.runs/impl_1/runme.log
open_hw_manager
connect_hw_server -allow_non_jtag
INFO: [Labtools 27-2285] Connecting to hw_server url TCP:localhost:3121
INFO: [Labtools 27-2222] Launching hw_server...
INFO: [Labtools 27-2221] Launch Output:

****** Xilinx hw_server v2020.2
  **** Build date : Nov 18 2020 at 10:01:48
    ** Copyright 1986-2020 Xilinx, Inc. All Rights Reserved.


INFO: [Labtools 27-3415] Connecting to cs_server url TCP:localhost:3042
INFO: [Labtools 27-3417] Launching cs_server...
INFO: [Labtools 27-2221] Launch Output:


******** Xilinx cs_server v2020.2
  ****** Build date   : Nov 04 2020-05:02:56
    **** Build number : 2020.2.1604437376
      ** Copyright 2017-2020 Xilinx, Inc. All Rights Reserved.



connect_hw_server: Time (s): cpu = 00:00:00 ; elapsed = 00:00:08 . Memory (MB): peak = 2824.242 ; gain = 0.000
open_hw_target
INFO: [Labtoolstcl 44-466] Opening hw_target localhost:3121/xilinx_tcf/Xilinx/1234-tulA
set_property PROGRAM.FILE {F:/ice2603lab/lab4_new/lab4_new.runs/impl_1/sc_cpu_iotest.bit} [get_hw_devices xc7a50t_0]
current_hw_device [get_hw_devices xc7a50t_0]
refresh_hw_device -update_hw_probes false [lindex [get_hw_devices xc7a50t_0] 0]
INFO: [Labtools 27-1434] Device xc7a50t (JTAG device index = 0) is programmed with a design that has no supported debug core(s) in it.
set_property PROBES.FILE {} [get_hw_devices xc7a50t_0]
set_property FULL_PROBES.FILE {} [get_hw_devices xc7a50t_0]
set_property PROGRAM.FILE {F:/ice2603lab/lab4_new/lab4_new.runs/impl_1/sc_cpu_iotest.bit} [get_hw_devices xc7a50t_0]
program_hw_devices [get_hw_devices xc7a50t_0]
INFO: [Labtools 27-3164] End of startup status: HIGH
refresh_hw_device [lindex [get_hw_devices xc7a50t_0] 0]
INFO: [Labtools 27-1434] Device xc7a50t (JTAG device index = 0) is programmed with a design that has no supported debug core(s) in it.
ERROR: [Labtoolstcl 44-513] HW Target shutdown. Closing target: localhost:3121/xilinx_tcf/Xilinx/1234-tulA
exit
INFO: [Common 17-206] Exiting Vivado at Thu May 18 09:22:52 2023...
