
*** Running vivado
    with args -log sc_cpu_iotest.vds -m64 -product Vivado -mode batch -messageDb vivado.pb -notrace -source sc_cpu_iotest.tcl



****** Vivado v2020.2 (64-bit)
  **** SW Build 3064766 on Wed Nov 18 09:12:45 MST 2020
  **** IP Build 3064653 on Wed Nov 18 14:17:31 MST 2020
    ** Copyright 1986-2020 Xilinx, Inc. All Rights Reserved.

source sc_cpu_iotest.tcl -notrace
Command: synth_design -top sc_cpu_iotest -part xc7a50tcsg324-1
Starting synth_design
Attempting to get a license for feature 'Synthesis' and/or device 'xc7a50t'
INFO: [Common 17-349] Got license for feature 'Synthesis' and/or device 'xc7a50t'
INFO: [Device 21-403] Loading part xc7a50tcsg324-1
INFO: [Synth 8-7079] Multithreading enabled for synth_design using a maximum of 2 processes.
INFO: [Synth 8-7078] Launching helper process for spawning children vivado processes
INFO: [Synth 8-7075] Helper process launched with PID 19172
---------------------------------------------------------------------------------
Starting RTL Elaboration : Time (s): cpu = 00:00:03 ; elapsed = 00:00:03 . Memory (MB): peak = 1112.320 ; gain = 0.000
---------------------------------------------------------------------------------
INFO: [Synth 8-6157] synthesizing module 'sc_cpu_iotest' [F:/ice2603lab/LAB/lab4/zip_lab4 sc_computer_io/src/sc_cpu_iotest.v:23]
INFO: [Synth 8-6157] synthesizing module 'clock_and_mem_clock' [F:/ice2603lab/LAB/lab4/zip_lab4 sc_computer_io/src/clock_and_mem_clock.v:1]
INFO: [Synth 8-6155] done synthesizing module 'clock_and_mem_clock' (1#1) [F:/ice2603lab/LAB/lab4/zip_lab4 sc_computer_io/src/clock_and_mem_clock.v:1]
INFO: [Synth 8-6157] synthesizing module 'in_port' [F:/ice2603lab/LAB/lab4/zip_lab4 sc_computer_io/src/in_port.v:1]
INFO: [Synth 8-6155] done synthesizing module 'in_port' (2#1) [F:/ice2603lab/LAB/lab4/zip_lab4 sc_computer_io/src/in_port.v:1]
INFO: [Synth 8-6157] synthesizing module 'sc_computer_main' [F:/ice2603lab/LAB/lab4/zip_lab4 sc_computer_io/src/sc_computer_main.v:7]
INFO: [Synth 8-6157] synthesizing module 'sc_cpu' [F:/ice2603lab/LAB/lab4/zip_lab4 sc_computer_io/src/sc_cpu.v:1]
INFO: [Synth 8-6157] synthesizing module 'dff32' [F:/ice2603lab/LAB/lab3/zip_lab3 sc_computer/src/dff32.v:1]
INFO: [Synth 8-6155] done synthesizing module 'dff32' (3#1) [F:/ice2603lab/LAB/lab3/zip_lab3 sc_computer/src/dff32.v:1]
INFO: [Synth 8-6157] synthesizing module 'immext' [F:/ice2603lab/LAB/lab3/zip_lab3 sc_computer/src/immext.v:1]
INFO: [Synth 8-6155] done synthesizing module 'immext' (4#1) [F:/ice2603lab/LAB/lab3/zip_lab3 sc_computer/src/immext.v:1]
INFO: [Synth 8-6157] synthesizing module 'regfile' [F:/ice2603lab/LAB/lab3/zip_lab3 sc_computer/src/regfile.v:1]
INFO: [Synth 8-6155] done synthesizing module 'regfile' (5#1) [F:/ice2603lab/LAB/lab3/zip_lab3 sc_computer/src/regfile.v:1]
INFO: [Synth 8-6157] synthesizing module 'sc_cu' [F:/ice2603lab/LAB/lab3/zip_lab3 sc_computer/src/sc_cu.v:1]
INFO: [Synth 8-6155] done synthesizing module 'sc_cu' (6#1) [F:/ice2603lab/LAB/lab3/zip_lab3 sc_computer/src/sc_cu.v:1]
INFO: [Synth 8-6157] synthesizing module 'alu' [F:/ice2603lab/LAB/lab3/zip_lab3 sc_computer/src/alu.v:1]
INFO: [Synth 8-6155] done synthesizing module 'alu' (7#1) [F:/ice2603lab/LAB/lab3/zip_lab3 sc_computer/src/alu.v:1]
INFO: [Synth 8-6157] synthesizing module 'mux4x32' [F:/ice2603lab/LAB/lab3/zip_lab3 sc_computer/src/mux4x32.v:1]
INFO: [Synth 8-6155] done synthesizing module 'mux4x32' (8#1) [F:/ice2603lab/LAB/lab3/zip_lab3 sc_computer/src/mux4x32.v:1]
INFO: [Synth 8-6157] synthesizing module 'mux2x32' [F:/ice2603lab/LAB/lab3/zip_lab3 sc_computer/src/mux2x32.v:1]
INFO: [Synth 8-6155] done synthesizing module 'mux2x32' (9#1) [F:/ice2603lab/LAB/lab3/zip_lab3 sc_computer/src/mux2x32.v:1]
INFO: [Synth 8-6157] synthesizing module 'cla32' [F:/ice2603lab/LAB/lab3/zip_lab3 sc_computer/src/cla32.v:1]
INFO: [Synth 8-6155] done synthesizing module 'cla32' (10#1) [F:/ice2603lab/LAB/lab3/zip_lab3 sc_computer/src/cla32.v:1]
WARNING: [Synth 8-7071] port 'x2' of module 'cla32' is unconnected for instance 'pcplus4' [F:/ice2603lab/LAB/lab4/zip_lab4 sc_computer_io/src/sc_cpu.v:86]
WARNING: [Synth 8-7023] instance 'pcplus4' of module 'cla32' has 4 connections declared, but only 3 given [F:/ice2603lab/LAB/lab4/zip_lab4 sc_computer_io/src/sc_cpu.v:86]
WARNING: [Synth 8-7071] port 'x2' of module 'cla32' is unconnected for instance 'branch_adr' [F:/ice2603lab/LAB/lab4/zip_lab4 sc_computer_io/src/sc_cpu.v:92]
WARNING: [Synth 8-7023] instance 'branch_adr' of module 'cla32' has 4 connections declared, but only 3 given [F:/ice2603lab/LAB/lab4/zip_lab4 sc_computer_io/src/sc_cpu.v:92]
WARNING: [Synth 8-7071] port 'x2' of module 'cla32' is unconnected for instance 'genjalrpc' [F:/ice2603lab/LAB/lab4/zip_lab4 sc_computer_io/src/sc_cpu.v:98]
WARNING: [Synth 8-7023] instance 'genjalrpc' of module 'cla32' has 4 connections declared, but only 3 given [F:/ice2603lab/LAB/lab4/zip_lab4 sc_computer_io/src/sc_cpu.v:98]
INFO: [Synth 8-6155] done synthesizing module 'sc_cpu' (11#1) [F:/ice2603lab/LAB/lab4/zip_lab4 sc_computer_io/src/sc_cpu.v:1]
WARNING: [Synth 8-7071] port 'regf_din' of module 'sc_cpu' is unconnected for instance 'cpu' [F:/ice2603lab/LAB/lab4/zip_lab4 sc_computer_io/src/sc_computer_main.v:19]
WARNING: [Synth 8-7023] instance 'cpu' of module 'sc_cpu' has 9 connections declared, but only 8 given [F:/ice2603lab/LAB/lab4/zip_lab4 sc_computer_io/src/sc_computer_main.v:19]
INFO: [Synth 8-6157] synthesizing module 'sc_instmem' [F:/ice2603lab/LAB/lab4/zip_lab4 sc_computer_io/src/sc_instmem.v:1]
INFO: [Synth 8-6157] synthesizing module 'lpm_rom_irom' [F:/ice2603lab/lab4new/lab4new.runs/synth_1/.Xil/Vivado-11624-CH-202208121303/realtime/lpm_rom_irom_stub.v:6]
INFO: [Synth 8-6155] done synthesizing module 'lpm_rom_irom' (12#1) [F:/ice2603lab/lab4new/lab4new.runs/synth_1/.Xil/Vivado-11624-CH-202208121303/realtime/lpm_rom_irom_stub.v:6]
INFO: [Synth 8-6155] done synthesizing module 'sc_instmem' (13#1) [F:/ice2603lab/LAB/lab4/zip_lab4 sc_computer_io/src/sc_instmem.v:1]
INFO: [Synth 8-6157] synthesizing module 'sc_datamem' [F:/ice2603lab/LAB/lab4/zip_lab4 sc_computer_io/src/sc_datamem.v:1]
INFO: [Synth 8-6157] synthesizing module 'lpm_ram_dq_dram' [F:/ice2603lab/lab4new/lab4new.runs/synth_1/.Xil/Vivado-11624-CH-202208121303/realtime/lpm_ram_dq_dram_stub.v:6]
INFO: [Synth 8-6155] done synthesizing module 'lpm_ram_dq_dram' (14#1) [F:/ice2603lab/lab4new/lab4new.runs/synth_1/.Xil/Vivado-11624-CH-202208121303/realtime/lpm_ram_dq_dram_stub.v:6]
WARNING: [Synth 8-689] width (6) of port connection 'addra' does not match port width (5) of module 'lpm_ram_dq_dram' [F:/ice2603lab/LAB/lab4/zip_lab4 sc_computer_io/src/sc_datamem.v:38]
INFO: [Synth 8-6157] synthesizing module 'io_output' [F:/ice2603lab/LAB/lab4/zip_lab4 sc_computer_io/src/io_output.v:1]
INFO: [Synth 8-155] case statement is not full and has no default [F:/ice2603lab/LAB/lab4/zip_lab4 sc_computer_io/src/io_output.v:19]
INFO: [Synth 8-6155] done synthesizing module 'io_output' (15#1) [F:/ice2603lab/LAB/lab4/zip_lab4 sc_computer_io/src/io_output.v:1]
INFO: [Synth 8-6157] synthesizing module 'io_input' [F:/ice2603lab/LAB/lab4/zip_lab4 sc_computer_io/src/io_input.v:1]
INFO: [Synth 8-6157] synthesizing module 'io_input_mux' [F:/ice2603lab/LAB/lab4/zip_lab4 sc_computer_io/src/io_input.v:21]
INFO: [Synth 8-6155] done synthesizing module 'io_input_mux' (16#1) [F:/ice2603lab/LAB/lab4/zip_lab4 sc_computer_io/src/io_input.v:21]
INFO: [Synth 8-6155] done synthesizing module 'io_input' (17#1) [F:/ice2603lab/LAB/lab4/zip_lab4 sc_computer_io/src/io_input.v:1]
INFO: [Synth 8-6155] done synthesizing module 'sc_datamem' (18#1) [F:/ice2603lab/LAB/lab4/zip_lab4 sc_computer_io/src/sc_datamem.v:1]
INFO: [Synth 8-6155] done synthesizing module 'sc_computer_main' (19#1) [F:/ice2603lab/LAB/lab4/zip_lab4 sc_computer_io/src/sc_computer_main.v:7]
WARNING: [Synth 8-7071] port 'pc' of module 'sc_computer_main' is unconnected for instance 'computer_main' [F:/ice2603lab/LAB/lab4/zip_lab4 sc_computer_io/src/sc_cpu_iotest.v:61]
WARNING: [Synth 8-7071] port 'inst' of module 'sc_computer_main' is unconnected for instance 'computer_main' [F:/ice2603lab/LAB/lab4/zip_lab4 sc_computer_io/src/sc_cpu_iotest.v:61]
WARNING: [Synth 8-7071] port 'aluout' of module 'sc_computer_main' is unconnected for instance 'computer_main' [F:/ice2603lab/LAB/lab4/zip_lab4 sc_computer_io/src/sc_cpu_iotest.v:61]
WARNING: [Synth 8-7071] port 'memout' of module 'sc_computer_main' is unconnected for instance 'computer_main' [F:/ice2603lab/LAB/lab4/zip_lab4 sc_computer_io/src/sc_cpu_iotest.v:61]
WARNING: [Synth 8-7023] instance 'computer_main' of module 'sc_computer_main' has 13 connections declared, but only 9 given [F:/ice2603lab/LAB/lab4/zip_lab4 sc_computer_io/src/sc_cpu_iotest.v:61]
INFO: [Synth 8-6157] synthesizing module 'out_port_hex2dec' [F:/ice2603lab/LAB/lab4/zip_lab4 sc_computer_io/src/out_port_hex2dec.v:1]
INFO: [Synth 8-6155] done synthesizing module 'out_port_hex2dec' (20#1) [F:/ice2603lab/LAB/lab4/zip_lab4 sc_computer_io/src/out_port_hex2dec.v:1]
INFO: [Synth 8-6157] synthesizing module 'display' [F:/ice2603lab/LAB/lab4/zip_lab4 sc_computer_io/src/display.v:22]
INFO: [Synth 8-6157] synthesizing module 'seg7' [F:/ice2603lab/LAB/lab4/zip_lab4 sc_computer_io/src/seg7.v:22]
INFO: [Synth 8-226] default block is never used [F:/ice2603lab/LAB/lab4/zip_lab4 sc_computer_io/src/seg7.v:28]
INFO: [Synth 8-6155] done synthesizing module 'seg7' (21#1) [F:/ice2603lab/LAB/lab4/zip_lab4 sc_computer_io/src/seg7.v:22]
INFO: [Synth 8-6155] done synthesizing module 'display' (22#1) [F:/ice2603lab/LAB/lab4/zip_lab4 sc_computer_io/src/display.v:22]
INFO: [Synth 8-6155] done synthesizing module 'sc_cpu_iotest' (23#1) [F:/ice2603lab/LAB/lab4/zip_lab4 sc_computer_io/src/sc_cpu_iotest.v:23]
---------------------------------------------------------------------------------
Finished RTL Elaboration : Time (s): cpu = 00:00:04 ; elapsed = 00:00:04 . Memory (MB): peak = 1171.832 ; gain = 59.512
---------------------------------------------------------------------------------
---------------------------------------------------------------------------------
Start Handling Custom Attributes
---------------------------------------------------------------------------------
---------------------------------------------------------------------------------
Finished Handling Custom Attributes : Time (s): cpu = 00:00:04 ; elapsed = 00:00:05 . Memory (MB): peak = 1171.832 ; gain = 59.512
---------------------------------------------------------------------------------
---------------------------------------------------------------------------------
Finished RTL Optimization Phase 1 : Time (s): cpu = 00:00:04 ; elapsed = 00:00:05 . Memory (MB): peak = 1171.832 ; gain = 59.512
---------------------------------------------------------------------------------
Netlist sorting complete. Time (s): cpu = 00:00:00 ; elapsed = 00:00:00.038 . Memory (MB): peak = 1171.832 ; gain = 0.000
INFO: [Project 1-570] Preparing netlist for logic optimization

Processing XDC Constraints
Initializing timing engine
Parsing XDC File [f:/ice2603lab/lab4new/lab4new.gen/sources_1/ip/lpm_ram_dq_dram/lpm_ram_dq_dram/lpm_ram_dq_dram_in_context.xdc] for cell 'computer_main/dmem/dram'
Finished Parsing XDC File [f:/ice2603lab/lab4new/lab4new.gen/sources_1/ip/lpm_ram_dq_dram/lpm_ram_dq_dram/lpm_ram_dq_dram_in_context.xdc] for cell 'computer_main/dmem/dram'
Parsing XDC File [f:/ice2603lab/lab4new/lab4new.gen/sources_1/ip/lpm_rom_irom/lpm_rom_irom/lpm_rom_irom_in_context.xdc] for cell 'computer_main/imem/irom'
Finished Parsing XDC File [f:/ice2603lab/lab4new/lab4new.gen/sources_1/ip/lpm_rom_irom/lpm_rom_irom/lpm_rom_irom_in_context.xdc] for cell 'computer_main/imem/irom'
Parsing XDC File [F:/ice2603lab/LAB/lab4/zip_lab4 sc_computer_io/constr/sc_computer_iotest.xdc]
WARNING: [Vivado 12-507] No nets matched 'computer_main/cpu/rf/p_2_out_carry_i_12'. [F:/ice2603lab/LAB/lab4/zip_lab4 sc_computer_io/constr/sc_computer_iotest.xdc:54]
Finished Parsing XDC File [F:/ice2603lab/LAB/lab4/zip_lab4 sc_computer_io/constr/sc_computer_iotest.xdc]
WARNING: [Project 1-498] One or more constraints failed evaluation while reading constraint file [F:/ice2603lab/LAB/lab4/zip_lab4 sc_computer_io/constr/sc_computer_iotest.xdc] and the design contains unresolved black boxes. These constraints will be read post-synthesis (as long as their source constraint file is marked as used_in_implementation) and should be applied correctly then. You should review the constraints listed in the file [.Xil/sc_cpu_iotest_propImpl.xdc] and check the run log file to verify that these constraints were correctly applied.
INFO: [Project 1-236] Implementation specific constraints were found while reading constraint file [F:/ice2603lab/LAB/lab4/zip_lab4 sc_computer_io/constr/sc_computer_iotest.xdc]. These constraints will be ignored for synthesis but will be used in implementation. Impacted constraints are listed in the file [.Xil/sc_cpu_iotest_propImpl.xdc].
Resolution: To avoid this warning, move constraints listed in [.Xil/sc_cpu_iotest_propImpl.xdc] to another XDC file and exclude this new file from synthesis with the used_in_synthesis property (File Properties dialog in GUI) and re-run elaboration/synthesis.
Completed Processing XDC Constraints

Netlist sorting complete. Time (s): cpu = 00:00:00 ; elapsed = 00:00:00.001 . Memory (MB): peak = 1286.586 ; gain = 0.000
INFO: [Project 1-111] Unisim Transformation Summary:
No Unisim elements were transformed.

Constraint Validation Runtime : Time (s): cpu = 00:00:00 ; elapsed = 00:00:00.008 . Memory (MB): peak = 1286.586 ; gain = 0.000
---------------------------------------------------------------------------------
Finished Constraint Validation : Time (s): cpu = 00:00:09 ; elapsed = 00:00:10 . Memory (MB): peak = 1286.586 ; gain = 174.266
---------------------------------------------------------------------------------
---------------------------------------------------------------------------------
Start Loading Part and Timing Information
---------------------------------------------------------------------------------
Loading part: xc7a50tcsg324-1
---------------------------------------------------------------------------------
Finished Loading Part and Timing Information : Time (s): cpu = 00:00:09 ; elapsed = 00:00:10 . Memory (MB): peak = 1286.586 ; gain = 174.266
---------------------------------------------------------------------------------
---------------------------------------------------------------------------------
Start Applying 'set_property' XDC Constraints
---------------------------------------------------------------------------------
Applied set_property KEEP_HIERARCHY = SOFT for computer_main/dmem/dram. (constraint file  auto generated constraint).
Applied set_property KEEP_HIERARCHY = SOFT for computer_main/imem/irom. (constraint file  auto generated constraint).
---------------------------------------------------------------------------------
Finished applying 'set_property' XDC Constraints : Time (s): cpu = 00:00:09 ; elapsed = 00:00:10 . Memory (MB): peak = 1286.586 ; gain = 174.266
---------------------------------------------------------------------------------
---------------------------------------------------------------------------------
Finished RTL Optimization Phase 2 : Time (s): cpu = 00:00:09 ; elapsed = 00:00:10 . Memory (MB): peak = 1286.586 ; gain = 174.266
---------------------------------------------------------------------------------
---------------------------------------------------------------------------------
Start RTL Component Statistics 
---------------------------------------------------------------------------------
Detailed RTL Component Info : 
+---Adders : 
	  30 Input   32 Bit       Adders := 1     
	   2 Input   32 Bit       Adders := 6     
	   3 Input   32 Bit       Adders := 1     
	   2 Input    3 Bit       Adders := 1     
+---XORs : 
	   2 Input     32 Bit         XORs := 1     
+---Registers : 
	               32 Bit    Registers := 37    
	                8 Bit    Registers := 1     
	                4 Bit    Registers := 1     
	                1 Bit    Registers := 1     
+---Muxes : 
	   3 Input   32 Bit        Muxes := 1     
	   2 Input   32 Bit        Muxes := 10    
	   4 Input   32 Bit        Muxes := 1     
	   8 Input    8 Bit        Muxes := 1     
	   2 Input    4 Bit        Muxes := 1     
	   2 Input    1 Bit        Muxes := 34    
	   4 Input    1 Bit        Muxes := 3     
---------------------------------------------------------------------------------
Finished RTL Component Statistics 
---------------------------------------------------------------------------------
---------------------------------------------------------------------------------
Start Part Resource Summary
---------------------------------------------------------------------------------
Part Resources:
DSPs: 120 (col length:60)
BRAMs: 150 (col length: RAMB18 60 RAMB36 30)
---------------------------------------------------------------------------------
Finished Part Resource Summary
---------------------------------------------------------------------------------
---------------------------------------------------------------------------------
Start Cross Boundary and Area Optimization
---------------------------------------------------------------------------------
---------------------------------------------------------------------------------
Finished Cross Boundary and Area Optimization : Time (s): cpu = 00:00:58 ; elapsed = 00:00:59 . Memory (MB): peak = 1349.316 ; gain = 236.996
---------------------------------------------------------------------------------
---------------------------------------------------------------------------------
Start Applying XDC Timing Constraints
---------------------------------------------------------------------------------
---------------------------------------------------------------------------------
Finished Applying XDC Timing Constraints : Time (s): cpu = 00:01:03 ; elapsed = 00:01:04 . Memory (MB): peak = 1349.316 ; gain = 236.996
---------------------------------------------------------------------------------
---------------------------------------------------------------------------------
Start Timing Optimization
---------------------------------------------------------------------------------
---------------------------------------------------------------------------------
Finished Timing Optimization : Time (s): cpu = 00:01:13 ; elapsed = 00:01:14 . Memory (MB): peak = 1349.316 ; gain = 236.996
---------------------------------------------------------------------------------
---------------------------------------------------------------------------------
Start Technology Mapping
---------------------------------------------------------------------------------
---------------------------------------------------------------------------------
Finished Technology Mapping : Time (s): cpu = 00:01:19 ; elapsed = 00:01:20 . Memory (MB): peak = 1378.234 ; gain = 265.914
---------------------------------------------------------------------------------
---------------------------------------------------------------------------------
Start IO Insertion
---------------------------------------------------------------------------------
---------------------------------------------------------------------------------
Start Flattening Before IO Insertion
---------------------------------------------------------------------------------
---------------------------------------------------------------------------------
Finished Flattening Before IO Insertion
---------------------------------------------------------------------------------
---------------------------------------------------------------------------------
Start Final Netlist Cleanup
---------------------------------------------------------------------------------
---------------------------------------------------------------------------------
Finished Final Netlist Cleanup
---------------------------------------------------------------------------------
---------------------------------------------------------------------------------
Finished IO Insertion : Time (s): cpu = 00:01:22 ; elapsed = 00:01:23 . Memory (MB): peak = 1392.000 ; gain = 279.680
---------------------------------------------------------------------------------
---------------------------------------------------------------------------------
Start Renaming Generated Instances
---------------------------------------------------------------------------------
---------------------------------------------------------------------------------
Finished Renaming Generated Instances : Time (s): cpu = 00:01:22 ; elapsed = 00:01:23 . Memory (MB): peak = 1392.000 ; gain = 279.680
---------------------------------------------------------------------------------
---------------------------------------------------------------------------------
Start Rebuilding User Hierarchy
---------------------------------------------------------------------------------
---------------------------------------------------------------------------------
Finished Rebuilding User Hierarchy : Time (s): cpu = 00:01:22 ; elapsed = 00:01:23 . Memory (MB): peak = 1392.000 ; gain = 279.680
---------------------------------------------------------------------------------
---------------------------------------------------------------------------------
Start Renaming Generated Ports
---------------------------------------------------------------------------------
---------------------------------------------------------------------------------
Finished Renaming Generated Ports : Time (s): cpu = 00:01:22 ; elapsed = 00:01:23 . Memory (MB): peak = 1392.000 ; gain = 279.680
---------------------------------------------------------------------------------
---------------------------------------------------------------------------------
Start Handling Custom Attributes
---------------------------------------------------------------------------------
---------------------------------------------------------------------------------
Finished Handling Custom Attributes : Time (s): cpu = 00:01:22 ; elapsed = 00:01:23 . Memory (MB): peak = 1392.000 ; gain = 279.680
---------------------------------------------------------------------------------
---------------------------------------------------------------------------------
Start Renaming Generated Nets
---------------------------------------------------------------------------------
---------------------------------------------------------------------------------
Finished Renaming Generated Nets : Time (s): cpu = 00:01:22 ; elapsed = 00:01:23 . Memory (MB): peak = 1392.000 ; gain = 279.680
---------------------------------------------------------------------------------
---------------------------------------------------------------------------------
Start Writing Synthesis Report
---------------------------------------------------------------------------------

Report BlackBoxes: 
+------+----------------+----------+
|      |BlackBox name   |Instances |
+------+----------------+----------+
|1     |lpm_ram_dq_dram |         1|
|2     |lpm_rom_irom    |         1|
+------+----------------+----------+

Report Cell Usage: 
+------+----------------+------+
|      |Cell            |Count |
+------+----------------+------+
|1     |lpm_ram_dq_dram |     1|
|2     |lpm_rom_irom    |     1|
|3     |BUFG            |     3|
|4     |CARRY4          |   611|
|5     |LUT1            |   137|
|6     |LUT2            |   556|
|7     |LUT3            |   734|
|8     |LUT4            |   699|
|9     |LUT5            |   546|
|10    |LUT6            |  2106|
|11    |MUXF7           |   135|
|12    |FDCE            |  1109|
|13    |FDPE            |    30|
|14    |FDRE            |    23|
|15    |IBUF            |    12|
|16    |OBUF            |    40|
+------+----------------+------+
---------------------------------------------------------------------------------
Finished Writing Synthesis Report : Time (s): cpu = 00:01:22 ; elapsed = 00:01:23 . Memory (MB): peak = 1392.000 ; gain = 279.680
---------------------------------------------------------------------------------
Synthesis finished with 0 errors, 0 critical warnings and 0 warnings.
Synthesis Optimization Runtime : Time (s): cpu = 00:01:16 ; elapsed = 00:01:21 . Memory (MB): peak = 1392.000 ; gain = 164.926
Synthesis Optimization Complete : Time (s): cpu = 00:01:22 ; elapsed = 00:01:23 . Memory (MB): peak = 1392.000 ; gain = 279.680
INFO: [Project 1-571] Translating synthesized netlist
Netlist sorting complete. Time (s): cpu = 00:00:00 ; elapsed = 00:00:00.118 . Memory (MB): peak = 1404.375 ; gain = 0.000
INFO: [Netlist 29-17] Analyzing 746 Unisim elements for replacement
INFO: [Netlist 29-28] Unisim Transformation completed in 0 CPU seconds
INFO: [Project 1-570] Preparing netlist for logic optimization
INFO: [Opt 31-138] Pushed 0 inverter(s) to 0 load pin(s).
Netlist sorting complete. Time (s): cpu = 00:00:00 ; elapsed = 00:00:00.001 . Memory (MB): peak = 1404.375 ; gain = 0.000
INFO: [Project 1-111] Unisim Transformation Summary:
No Unisim elements were transformed.

INFO: [Common 17-83] Releasing license: Synthesis
63 Infos, 16 Warnings, 0 Critical Warnings and 0 Errors encountered.
synth_design completed successfully
synth_design: Time (s): cpu = 00:01:28 ; elapsed = 00:01:30 . Memory (MB): peak = 1404.375 ; gain = 292.055
INFO: [Common 17-1381] The checkpoint 'F:/ice2603lab/lab4new/lab4new.runs/synth_1/sc_cpu_iotest.dcp' has been generated.
INFO: [runtcl-4] Executing : report_utilization -file sc_cpu_iotest_utilization_synth.rpt -pb sc_cpu_iotest_utilization_synth.pb
INFO: [Common 17-206] Exiting Vivado at Sat May 13 23:01:08 2023...
