#-----------------------------------------------------------
# Vivado v2020.2 (64-bit)
# SW Build 3064766 on Wed Nov 18 09:12:45 MST 2020
# IP Build 3064653 on Wed Nov 18 14:17:31 MST 2020
# Start of session at: Sun May 28 02:38:25 2023
# Process ID: 2696
# Current directory: F:/ice2603lab/bigwork2
# Command line: vivado.exe -gui_launcher_event rodinguilauncherevent5968 F:\ice2603lab\bigwork2\bigwork1.xpr
# Log file: F:/ice2603lab/bigwork2/vivado.log
# Journal file: F:/ice2603lab/bigwork2\vivado.jou
#-----------------------------------------------------------
start_gui
open_project F:/ice2603lab/bigwork2/bigwork1.xpr
CRITICAL WARNING: [Project 1-19] Could not find the file 'F:/lab4/zip_lab4 sc_computer_io/sim/TB_sc_computer_iotest.v'.
Scanning sources...
Finished scanning sources
INFO: [IP_Flow 19-234] Refreshing IP repositories
INFO: [IP_Flow 19-1704] No user IP repositories specified
INFO: [IP_Flow 19-2313] Loaded Vivado IP repository 'E:/Xilinx/Vivado/2020.2/data/ip'.
update_compile_order -fileset sources_1
exit
INFO: [Common 17-206] Exiting Vivado at Sun May 28 02:39:25 2023...
